Determining if the pthread_create exist failed with the following output:
Change Dir: /home/juan/Documentos/CienciasDeLaComputacion/MetodosNumericos/TP2/entregaVersionCharly2/knn_pca_metnum_tp2/cmake-build-debug/CMakeFiles/CMakeTmp

Run Build Command:"/usr/bin/make" "cmTC_09266/fast"
/usr/bin/make -f CMakeFiles/cmTC_09266.dir/build.make CMakeFiles/cmTC_09266.dir/build
make[1]: se entra en el directorio '/home/juan/Documentos/CienciasDeLaComputacion/MetodosNumericos/TP2/entregaVersionCharly2/knn_pca_metnum_tp2/cmake-build-debug/CMakeFiles/CMakeTmp'
Building C object CMakeFiles/cmTC_09266.dir/CheckSymbolExists.c.o
/usr/bin/cc     -o CMakeFiles/cmTC_09266.dir/CheckSymbolExists.c.o   -c /home/juan/Documentos/CienciasDeLaComputacion/MetodosNumericos/TP2/entregaVersionCharly2/knn_pca_metnum_tp2/cmake-build-debug/CMakeFiles/CMakeTmp/CheckSymbolExists.c
Linking C executable cmTC_09266
/opt/clion-2017.1.3/bin/cmake/bin/cmake -E cmake_link_script CMakeFiles/cmTC_09266.dir/link.txt --verbose=1
/usr/bin/cc       CMakeFiles/cmTC_09266.dir/CheckSymbolExists.c.o  -o cmTC_09266 -rdynamic 
CMakeFiles/cmTC_09266.dir/CheckSymbolExists.c.o: En la función `main':
CheckSymbolExists.c:(.text+0x16): referencia a `pthread_create' sin definir
collect2: error: ld returned 1 exit status
CMakeFiles/cmTC_09266.dir/build.make:97: fallo en las instrucciones para el objetivo 'cmTC_09266'
make[1]: *** [cmTC_09266] Error 1
make[1]: se sale del directorio '/home/juan/Documentos/CienciasDeLaComputacion/MetodosNumericos/TP2/entregaVersionCharly2/knn_pca_metnum_tp2/cmake-build-debug/CMakeFiles/CMakeTmp'
Makefile:126: fallo en las instrucciones para el objetivo 'cmTC_09266/fast'
make: *** [cmTC_09266/fast] Error 2

File /home/juan/Documentos/CienciasDeLaComputacion/MetodosNumericos/TP2/entregaVersionCharly2/knn_pca_metnum_tp2/cmake-build-debug/CMakeFiles/CMakeTmp/CheckSymbolExists.c:
/* */
#include <pthread.h>

int main(int argc, char** argv)
{
  (void)argv;
#ifndef pthread_create
  return ((int*)(&pthread_create))[argc];
#else
  (void)argc;
  return 0;
#endif
}

